<?xml version="1.0" encoding="UTF-8"?>
<testsuite xmlns:xsi="http://www.w3.org/2001/XMLSchema-instance" xsi:noNamespaceSchemaLocation="https://maven.apache.org/surefire/maven-surefire-plugin/xsd/surefire-test-report-3.0.xsd" version="3.0" name="com.travel360.api.Travel360ApiApplicationTests" time="1.779" tests="1" errors="0" skipped="0" failures="0">
  <properties>
[...]
</properties>
  <testcase name="contextLoads" classname="com.travel360.api.Travel360ApiApplicationTests" time="0.021">
    <system-out><![CDATA[2025-05-23T17:35:24.370+05:30  INFO 228683 --- [           main] t.c.s.AnnotationConfigContextLoaderUtils : Could not detect default configuration classes for test class [com.travel360.api.Travel360ApiApplicationTests]: Travel360ApiApplicationTests does not declare any static, non-private, non-final, nested classes annotated with @Configuration.
2025-05-23T17:35:24.380+05:30  INFO 228683 --- [           main] .b.t.c.SpringBootTestContextBootstrapper : Found @SpringBootConfiguration com.travel360.api.Travel360ApiApplication for test class com.travel360.api.Travel360ApiApplicationTests

  .   ____          _            __ _ _
 /\\ / ___'_ __ _ _(_)_ __  __ _ \ \ \ \
( ( )\___ | '_ | '_| | '_ \/ _` | \ \ \ \
 \\/  ___)| |_)| | | | | || (_| |  ) ) ) )
  '  |____| .__|_| |_|_| |_\__, | / / / /
 =========|_|==============|___/=/_/_/_/
 :: Spring Boot ::                (v3.2.3)

2025-05-23T17:35:24.445+05:30  INFO 228683 --- [           main] c.t.api.Travel360ApiApplicationTests     : Starting Travel360ApiApplicationTests using Java 21.0.7 with PID 228683 (started by kiviamarakoon in /home/kiviamarakoon/Documents/Projects/my-projects/Travel360.API)
2025-05-23T17:35:24.445+05:30 DEBUG 228683 --- [           main] c.t.api.Travel360ApiApplicationTests     : Running with Spring Boot v3.2.3, Spring v6.1.4
2025-05-23T17:35:24.446+05:30  INFO 228683 --- [           main] c.t.api.Travel360ApiApplicationTests     : The following 1 profile is active: "test"
2025-05-23T17:35:24.749+05:30  INFO 228683 --- [           main] .s.d.r.c.RepositoryConfigurationDelegate : Bootstrapping Spring Data JPA repositories in DEFAULT mode.
2025-05-23T17:35:24.767+05:30  INFO 228683 --- [           main] .s.d.r.c.RepositoryConfigurationDelegate : Finished Spring Data repository scanning in 18 ms. Found 5 JPA repository interfaces.
2025-05-23T17:35:24.975+05:30  INFO 228683 --- [           main] o.s.o.j.p.SpringPersistenceUnitInfo      : No LoadTimeWeaver setup: ignoring JPA class transformer
2025-05-23T17:35:24.977+05:30  INFO 228683 --- [           main] com.zaxxer.hikari.HikariDataSource       : HikariPool-2 - Starting...
2025-05-23T17:35:24.978+05:30  INFO 228683 --- [           main] com.zaxxer.hikari.pool.HikariPool        : HikariPool-2 - Added connection conn10: url=jdbc:h2:mem:testdb user=SA
2025-05-23T17:35:24.979+05:30  INFO 228683 --- [           main] com.zaxxer.hikari.HikariDataSource       : HikariPool-2 - Start completed.
Hibernate: 
    alter table if exists airplanes 
       drop constraint if exists FK311rvegoyqdbj4tmibfjfgjn6
Hibernate: 
    alter table if exists booking_details 
       drop constraint if exists FKkbcan6ybv86uappnh0qtdmvas
Hibernate: 
    alter table if exists booking_details 
       drop constraint if exists FK86yhf5sjh7v57g0j1nalxf1bd
Hibernate: 
    alter table if exists booking_details 
       drop constraint if exists FK3flvem7vso3upva7hugvxvusi
Hibernate: 
    alter table if exists bookings 
       drop constraint if exists FK4lsaxxymtu2xxvqp0mg2tqqya
Hibernate: 
    alter table if exists bookings 
       drop constraint if exists FKeyog2oic85xg7hsu2je2lx3s6
Hibernate: 
    alter table if exists flights 
       drop constraint if exists FKg5m8ip0f64g1nm42q8bf6s5ak
Hibernate: 
    alter table if exists flights 
       drop constraint if exists FKnvxjpmgedcsjec8dx8ms5m0sh
Hibernate: 
    alter table if exists flights 
       drop constraint if exists FKfmri6v38bw9hi6tkksj0tey7d
Hibernate: 
    drop table if exists airplanes cascade
Hibernate: 
    drop table if exists airports cascade
Hibernate: 
    drop table if exists booking_details cascade
Hibernate: 
    drop table if exists bookings cascade
Hibernate: 
    drop table if exists flights cascade
Hibernate: 
    drop table if exists users cascade
Hibernate: 
    create table airplanes (
        active boolean not null,
        business_class_capacity integer check (business_class_capacity>=1),
        economy_class_capacity integer check (economy_class_capacity>=1),
        first_class_capacity integer check (first_class_capacity>=1),
        manufacturing_year integer,
        max_range_km integer,
        created_at timestamp(6) not null,
        current_airport_id bigint,
        id bigserial not null,
        updated_at timestamp(6),
        registration_number varchar(50) unique,
        model varchar(100),
        size varchar(255) not null check (size in ('SMALL','MEDIUM','LARGE')),
        primary key (id)
    )
Hibernate: 
    create table airports (
        active boolean not null,
        code varchar(3) unique,
        latitude float(53) not null,
        longitude float(53) not null,
        created_at timestamp(6) not null,
        id bigserial not null,
        updated_at timestamp(6),
        city varchar(100),
        country varchar(100),
        name varchar(100),
        time_zone varchar(255),
        primary key (id)
    )
Hibernate: 
    create table booking_details (
        active boolean not null,
        amount numeric(38,2) not null,
        checked_in boolean,
        is_transit boolean,
        booking_id bigint not null,
        connecting_booking_detail_id bigint,
        created_at timestamp(6) not null,
        flight_id bigint not null,
        id bigserial not null,
        updated_at timestamp(6),
        passenger_name varchar(255) not null,
        passport_number varchar(255),
        seat_class varchar(255) not null check (seat_class in ('FIRST_CLASS','BUSINESS_CLASS','ECONOMY_CLASS')),
        seat_number varchar(255),
        special_requirements varchar(255),
        primary key (id)
    )
Hibernate: 
    create table bookings (
        active boolean not null,
        total_amount numeric(38,2) not null,
        booking_date timestamp(6) not null,
        created_at timestamp(6) not null,
        created_by bigint,
        id bigserial not null,
        updated_at timestamp(6),
        user_id bigint not null,
        booking_reference varchar(255) not null unique,
        contact_email varchar(255),
        contact_phone varchar(255),
        status varchar(255) not null check (status in ('PENDING','CONFIRMED','CANCELLED','COMPLETED')),
        primary key (id)
    )
Hibernate: 
    create table flights (
        active boolean not null,
        business_class_available_seats integer,
        business_class_price numeric(38,2) not null check (business_class_price>=0),
        distance_km integer,
        economy_class_available_seats integer,
        economy_class_price numeric(38,2) not null check (economy_class_price>=0),
        first_class_available_seats integer,
        first_class_price numeric(38,2) not null check (first_class_price>=0),
        airplane_id bigint not null,
        arrival_time timestamp(6) not null,
        created_at timestamp(6) not null,
        departure_time timestamp(6) not null,
        destination_airport_id bigint not null,
        id bigserial not null,
        origin_airport_id bigint not null,
        updated_at timestamp(6),
        flight_number varchar(255) not null unique,
        status varchar(255) check (status in ('SCHEDULED','BOARDING','DEPARTED','IN_AIR','LANDED','DELAYED','CANCELLED')),
        primary key (id)
    )
Hibernate: 
    create table users (
        active boolean not null,
        created_at timestamp(6) not null,
        id bigserial not null,
        updated_at timestamp(6),
        username varchar(50) unique,
        email varchar(100) unique,
        full_name varchar(100),
        password varchar(100),
        phone_number varchar(255),
        role varchar(255) check (role in ('CUSTOMER','OPERATOR','ADMINISTRATOR')),
        primary key (id)
    )
Hibernate: 
    alter table if exists airplanes 
       add constraint FK311rvegoyqdbj4tmibfjfgjn6 
       foreign key (current_airport_id) 
       references airports
Hibernate: 
    alter table if exists booking_details 
       add constraint FKkbcan6ybv86uappnh0qtdmvas 
       foreign key (booking_id) 
       references bookings
Hibernate: 
    alter table if exists booking_details 
       add constraint FK86yhf5sjh7v57g0j1nalxf1bd 
       foreign key (connecting_booking_detail_id) 
       references booking_details
Hibernate: 
    alter table if exists booking_details 
       add constraint FK3flvem7vso3upva7hugvxvusi 
       foreign key (flight_id) 
       references flights
Hibernate: 
    alter table if exists bookings 
       add constraint FK4lsaxxymtu2xxvqp0mg2tqqya 
       foreign key (created_by) 
       references users
Hibernate: 
    alter table if exists bookings 
       add constraint FKeyog2oic85xg7hsu2je2lx3s6 
       foreign key (user_id) 
       references users
Hibernate: 
    alter table if exists flights 
       add constraint FKg5m8ip0f64g1nm42q8bf6s5ak 
       foreign key (airplane_id) 
       references airplanes
Hibernate: 
    alter table if exists flights 
       add constraint FKnvxjpmgedcsjec8dx8ms5m0sh 
       foreign key (destination_airport_id) 
       references airports
Hibernate: 
    alter table if exists flights 
       add constraint FKfmri6v38bw9hi6tkksj0tey7d 
       foreign key (origin_airport_id) 
       references airports
2025-05-23T17:35:25.293+05:30  INFO 228683 --- [           main] j.LocalContainerEntityManagerFactoryBean : Initialized JPA EntityManagerFactory for persistence unit 'default'
2025-05-23T17:35:25.465+05:30  WARN 228683 --- [           main] JpaBaseConfiguration$JpaWebConfiguration : spring.jpa.open-in-view is enabled by default. Therefore, database queries may be performed during view rendering. Explicitly configure spring.jpa.open-in-view to disable this warning
2025-05-23T17:35:25.669+05:30  INFO 228683 --- [           main] o.s.s.web.DefaultSecurityFilterChain     : Will secure any request with [org.springframework.security.web.session.DisableEncodeUrlFilter@4c9e86a4, org.springframework.security.web.context.request.async.WebAsyncManagerIntegrationFilter@1fb81254, org.springframework.security.web.context.SecurityContextHolderFilter@6d4e4e0c, org.springframework.security.web.header.HeaderWriterFilter@703b2538, org.springframework.web.filter.CorsFilter@315bd2cd, org.springframework.security.web.authentication.logout.LogoutFilter@7ef5a01b, com.travel360.api.security.JwtAuthFilter@4790a29a, org.springframework.security.web.savedrequest.RequestCacheAwareFilter@685d92cf, org.springframework.security.web.servletapi.SecurityContextHolderAwareRequestFilter@41e67819, org.springframework.security.web.authentication.AnonymousAuthenticationFilter@49f5758f, org.springframework.security.web.session.SessionManagementFilter@8e51ef8, org.springframework.security.web.access.ExceptionTranslationFilter@7cef2f2d, org.springframework.security.web.access.intercept.AuthorizationFilter@86e170e]
2025-05-23T17:35:26.055+05:30  INFO 228683 --- [           main] o.s.b.a.h2.H2ConsoleAutoConfiguration    : H2 console available at '/h2-console'. Database available at 'jdbc:h2:mem:testdb'
2025-05-23T17:35:26.121+05:30  INFO 228683 --- [           main] c.t.api.Travel360ApiApplicationTests     : Started Travel360ApiApplicationTests in 1.732 seconds (process running for 12.438)
]]></system-out>
  </testcase>
</testsuite>